This is pdfeTeX, Version 3.141592-1.30.4-2.2 (Web2C 7.5.5) (format=pdflatex 2006.12.20)  21 AUG 2009 11:09
entering extended mode
\write18 enabled.
**readme.tex
(./readme.tex
LaTeX2e <2003/12/01>
Babel <v3.8d> and hyphenation patterns for american, french, german, ngerman, b
ahasa, basque, bulgarian, catalan, croatian, czech, danish, dutch, esperanto, e
stonian, finnish, greek, icelandic, irish, italian, latin, magyar, norsk, polis
h, portuges, romanian, russian, serbian, slovak, slovene, spanish, swedish, tur
kish, ukrainian, nohyphenation, loaded.
(/usr/local/teTeX/share/texmf.tetex/tex/latex/base/article.cls
Document Class: article 2004/02/16 v1.4f Standard LaTeX document class
(/usr/local/teTeX/share/texmf.tetex/tex/latex/base/size10.clo
File: size10.clo 2004/02/16 v1.4f Standard LaTeX file (size option)
)
\c@part=\count79
\c@section=\count80
\c@subsection=\count81
\c@subsubsection=\count82
\c@paragraph=\count83
\c@subparagraph=\count84
\c@figure=\count85
\c@table=\count86
\abovecaptionskip=\skip41
\belowcaptionskip=\skip42
\bibindent=\dimen102
)
(/usr/local/teTeX/share/texmf.tetex/tex/latex/graphics/epsfig.sty
Package: epsfig 1999/02/16 v1.7a (e)psfig emulation (SPQR)

(/usr/local/teTeX/share/texmf.tetex/tex/latex/graphics/graphicx.sty
Package: graphicx 1999/02/16 v1.0f Enhanced LaTeX Graphics (DPC,SPQR)

(/usr/local/teTeX/share/texmf.tetex/tex/latex/graphics/keyval.sty
Package: keyval 1999/03/16 v1.13 key=value parser (DPC)
\KV@toks@=\toks14
)
(/usr/local/teTeX/share/texmf.tetex/tex/latex/graphics/graphics.sty
Package: graphics 2001/07/07 v1.0n Standard LaTeX Graphics (DPC,SPQR)

(/usr/local/teTeX/share/texmf.tetex/tex/latex/graphics/trig.sty
Package: trig 1999/03/16 v1.09 sin cos tan (DPC)
)
(/usr/local/teTeX/share/texmf.tetex/tex/latex/graphics/graphics.cfg
File: graphics.cfg 2005/02/03 v1.3 graphics configuration of teTeX/TeXLive
)
Package graphics Info: Driver file: dvips.def on input line 80.

(/usr/local/teTeX/share/texmf.tetex/tex/latex/graphics/dvips.def
File: dvips.def 1999/02/16 v3.0i Driver-dependant file (DPC,SPQR)
))
\Gin@req@height=\dimen103
\Gin@req@width=\dimen104
)
\epsfxsize=\dimen105
\epsfysize=\dimen106
)
(/usr/local/teTeX/share/texmf.tetex/tex/latex/amsmath/amstex.sty

! Package amstex Error:  Package `amstex' is obsolete, substituting `amsmath'.

See the amstex package documentation for explanation.
Type  H <return>  for immediate help.
 ...                                              
                                                  
l.47 %\string\usepackage{amstex12beta}.}
                                        
? 
(/usr/local/teTeX/share/texmf.tetex/tex/latex/amsmath/amsmath.sty

LaTeX Warning: You have requested package `amstex',
               but the package provides `amsmath'.

Package: amsmath 2000/07/18 v2.13 AMS math features
\@mathmargin=\skip43
For additional information on amsmath, use the `?' option.
(/usr/local/teTeX/share/texmf.tetex/tex/latex/amsmath/amstext.sty
Package: amstext 2000/06/29 v2.01

(/usr/local/teTeX/share/texmf.tetex/tex/latex/amsmath/amsgen.sty
File: amsgen.sty 1999/11/30 v2.0
\@emptytoks=\toks15
\ex@=\dimen107
))
(/usr/local/teTeX/share/texmf.tetex/tex/latex/amsmath/amsbsy.sty
Package: amsbsy 1999/11/29 v1.2d
\pmbraise@=\dimen108
)
(/usr/local/teTeX/share/texmf.tetex/tex/latex/amsmath/amsopn.sty
Package: amsopn 1999/12/14 v2.01 operator names
)
\inf@bad=\count87
LaTeX Info: Redefining \frac on input line 211.
\uproot@=\count88
\leftroot@=\count89
LaTeX Info: Redefining \overline on input line 307.
\classnum@=\count90
\DOTSCASE@=\count91
LaTeX Info: Redefining \ldots on input line 379.
LaTeX Info: Redefining \dots on input line 382.
LaTeX Info: Redefining \cdots on input line 467.
\Mathstrutbox@=\box26
\strutbox@=\box27
\big@size=\dimen109
LaTeX Font Info:    Redeclaring font encoding OML on input line 567.
LaTeX Font Info:    Redeclaring font encoding OMS on input line 568.
\macc@depth=\count92
\c@MaxMatrixCols=\count93
\dotsspace@=\muskip10
\c@parentequation=\count94
\dspbrk@lvl=\count95
\tag@help=\toks16
\row@=\count96
\column@=\count97
\maxfields@=\count98
\andhelp@=\toks17
\eqnshift@=\dimen110
\alignsep@=\dimen111
\tagshift@=\dimen112
\tagwidth@=\dimen113
\totwidth@=\dimen114
\lineht@=\dimen115
\@envbody=\toks18
\multlinegap=\skip44
\multlinetaggap=\skip45
\mathdisplay@stack=\toks19
LaTeX Info: Redefining \[ on input line 2666.
LaTeX Info: Redefining \] on input line 2667.
))
(/usr/local/teTeX/share/texmf.tetex/tex/latex/amsfonts/amssymb.sty
Package: amssymb 2002/01/22 v2.2d

(/usr/local/teTeX/share/texmf.tetex/tex/latex/amsfonts/amsfonts.sty
Package: amsfonts 2001/10/25 v2.2f
\symAMSa=\mathgroup4
\symAMSb=\mathgroup5
LaTeX Font Info:    Overwriting math alphabet `\mathfrak' in version `bold'
(Font)                  U/euf/m/n --> U/euf/b/n on input line 132.
))
No file readme.aux.
\openout1 = `readme.aux'.

LaTeX Font Info:    Checking defaults for OML/cmm/m/it on input line 21.
LaTeX Font Info:    ... okay on input line 21.
LaTeX Font Info:    Checking defaults for T1/cmr/m/n on input line 21.
LaTeX Font Info:    ... okay on input line 21.
LaTeX Font Info:    Checking defaults for OT1/cmr/m/n on input line 21.
LaTeX Font Info:    ... okay on input line 21.
LaTeX Font Info:    Checking defaults for OMS/cmsy/m/n on input line 21.
LaTeX Font Info:    ... okay on input line 21.
LaTeX Font Info:    Checking defaults for OMX/cmex/m/n on input line 21.
LaTeX Font Info:    ... okay on input line 21.
LaTeX Font Info:    Checking defaults for U/cmr/m/n on input line 21.
LaTeX Font Info:    ... okay on input line 21.
LaTeX Font Info:    Try loading font information for U+msa on input line 23.
(/usr/local/teTeX/share/texmf.tetex/tex/latex/amsfonts/umsa.fd
File: umsa.fd 2002/01/19 v2.2g AMS font definitions
)
LaTeX Font Info:    Try loading font information for U+msb on input line 23.

(/usr/local/teTeX/share/texmf.tetex/tex/latex/amsfonts/umsb.fd
File: umsb.fd 2002/01/19 v2.2g AMS font definitions
)
No file readme.toc.
\tf@toc=\write3
\openout3 = `readme.toc'.

[1

{/usr/local/teTeX/share/texmf.local/fonts/map/pdftex/updmap/pdftex.map}]

LaTeX Warning: Reference `fullgen' on page 2 undefined on input line 163.

[2]
LaTeX Font Info:    Try loading font information for OMS+cmr on input line 186.

 (/usr/local/teTeX/share/texmf.tetex/tex/latex/base/omscmr.fd
File: omscmr.fd 1999/05/25 v2.5h Standard LaTeX font definitions
)
LaTeX Font Info:    Font shape `OMS/cmr/m/n' in size <10> not available
(Font)              Font shape `OMS/cmsy/m/n' tried instead on input line 186.


LaTeX Warning: Reference `codes' on page 3 undefined on input line 210.

[3] [4]

LaTeX Warning: File `CaGecycle.ps' not found on input line 354.


! LaTeX Error: File `CaGecycle.ps' not found.

See the LaTeX manual or LaTeX Companion for explanation.
Type  H <return>  for immediate help.
 ...                                              
                                                  
l.354 \epsfig{file=CaGecycle.ps,width=16cm}
                                           
? 

! LaTeX Error: Cannot determine size of graphic in CaGecycle.ps (no BoundingBox
).

See the LaTeX manual or LaTeX Companion for explanation.
Type  H <return>  for immediate help.
 ...                                              
                                                  
l.354 \epsfig{file=CaGecycle.ps,width=16cm}
                                           
? 
File: CaGecycle.ps Graphic file (type eps)
<CaGecycle.ps>

LaTeX Warning: Reference `Main program loop' on page 5 undefined on input line 
358.


LaTeX Warning: File `CaGeprograms.ps' not found on input line 363.


! LaTeX Error: File `CaGeprograms.ps' not found.

See the LaTeX manual or LaTeX Companion for explanation.
Type  H <return>  for immediate help.
 ...                                              
                                                  
l.363 \epsfig{file=CaGeprograms.ps,width=16cm}
                                              
? 

! LaTeX Error: Cannot determine size of graphic in CaGeprograms.ps (no Bounding
Box).

See the LaTeX manual or LaTeX Companion for explanation.
Type  H <return>  for immediate help.
 ...                                              
                                                  
l.363 \epsfig{file=CaGeprograms.ps,width=16cm}
                                              
? 
File: CaGeprograms.ps Graphic file (type eps)
<CaGeprograms.ps>

LaTeX Warning: Reference `CaGeprograms' on page 5 undefined on input line 368.


LaTeX Warning: Reference `CaGeprograms' on page 5 undefined on input line 369.

[5]

LaTeX Warning: Reference `codes' on page 6 undefined on input line 457.

[6]

LaTeX Warning: Reference `codes' on page 7 undefined on input line 500.

[7] [8]

LaTeX Warning: Reference `fullgen' on page 9 undefined on input line 639.


LaTeX Warning: Reference `fullgen' on page 9 undefined on input line 646.


LaTeX Warning: Reference `fullgen' on page 9 undefined on input line 664.

[9]

LaTeX Warning: Reference `fullgen' on page 10 undefined on input line 721.

[10]

LaTeX Warning: Reference `codes' on page 11 undefined on input line 781.


LaTeX Warning: Reference `fullgen' on page 11 undefined on input line 826.

[11] [12]
Overfull \hbox (0.2522pt too wide) in paragraph at lines 950--1010
\OT1/cmtt/m/n/10 1 3 23 0, 2 20 4 0, 3 5 24 0, 4 19 6 0, 5 7 25 0, 6 17 8 0, 7 
9 26 0, 8 16 10 0, 9
 []


Overfull \hbox (0.2522pt too wide) in paragraph at lines 950--1010
\OT1/cmtt/m/n/10 11 27 0, 10 14 12 0, 11 1 28 0, 1 14 21 0, 13 11 15 0, 14 16 2
2 0, 15 9 17 0, 16 7
 []


Overfull \hbox (0.2522pt too wide) in paragraph at lines 950--1010
\OT1/cmtt/m/n/10 18 0, 17 19 22 0, 18 5 20 0, 19 3 21 0, 20 13 22 0, 21 15 18 0
, 2 24 28 0, 23 4 25
 []


Overfull \hbox (5.50215pt too wide) in paragraph at lines 950--1010
\OT1/cmtt/m/n/10 0, 24 6 26 0, 25 8 27 0, 26 10 28 0, 27 12 23 0, 28, 12 13 2 0
, 1 3 21 0, 2 19 4 0,
 []


Overfull \hbox (5.50215pt too wide) in paragraph at lines 950--1010
\OT1/cmtt/m/n/10 3 5 22 0, 4 18 6 0, 5 7 23 0, 6 17 8 0, 7 9 25 0, 8 15 10 0, 9
 11 26 0, 10 14 12 0,
 []


Overfull \hbox (5.50215pt too wide) in paragraph at lines 950--1010
\OT1/cmtt/m/n/10 11 1 27 0, 1 14 20 0, 13 11 15 0, 14 9 16 0, 15 17 20 0, 16 7 
18 0, 17 5 19 0, 18 3
 []


Overfull \hbox (0.2522pt too wide) in paragraph at lines 950--1010
\OT1/cmtt/m/n/10 20 0, 19 13 16 0, 2 22 28 0, 21 4 23 0, 22 6 24 0, 23 25 28 0,
 24 8 26 0, 25 10 27
 []

[13]

LaTeX Warning: Reference `constants' on page 14 undefined on input line 1020.


LaTeX Warning: Reference `codes' on page 14 undefined on input line 1049.

[14] [15
Non-PDF special ignored!] [16
Non-PDF special ignored!] (./readme.aux)

LaTeX Warning: There were undefined references.


LaTeX Warning: Label(s) may have changed. Rerun to get cross-references right.

 ) 
Here is how much of TeX's memory you used:
 1502 strings out of 94424
 17658 string characters out of 1172362
 2064250 words of memory out of 4515896
 4710 multiletter control sequences out of 10000+50000
 13400 words of font info for 51 fonts, out of 2000000 for 2000
 582 hyphenation exceptions out of 5000
 32i,8n,24p,274b,311s stack positions out of 5000i,500n,6000p,200000b,40000s
PDF statistics:
 99 PDF objects out of 300000
 0 named destinations out of 131072
 1 words of extra memory for PDF output out of 10000
</usr/local/teTeX/share/texmf.tetex/fonts/type1/bluesky/cm/cmbx8.pfb></usr/lo
cal/teTeX/share/texmf.tetex/fonts/type1/bluesky/cm/cmr8.pfb></usr/local/teTeX/s
hare/texmf.tetex/fonts/type1/bluesky/cm/cmr6.pfb></usr/local/teTeX/share/texmf.
tetex/fonts/type1/bluesky/cm/cmr7.pfb></usr/local/teTeX/share/texmf.tetex/fonts
/type1/bluesky/cm/cmmi7.pfb></usr/local/teTeX/share/texmf.tetex/fonts/type1/blu
esky/cm/cmbxti10.pfb></usr/local/teTeX/share/texmf.tetex/fonts/type1/bluesky/cm
/cmsy10.pfb></usr/local/teTeX/share/texmf.tetex/fonts/type1/bluesky/cm/cmtt10.p
fb></usr/local/teTeX/share/texmf.tetex/fonts/type1/bluesky/cm/cmmi10.pfb></usr/
local/teTeX/share/texmf.tetex/fonts/type1/bluesky/cm/cmbx10.pfb></usr/local/teT
eX/share/texmf.tetex/fonts/type1/bluesky/cm/cmr10.pfb></usr/local/teTeX/share/t
exmf.tetex/fonts/type1/bluesky/cm/cmti10.pfb></usr/local/teTeX/share/texmf.tete
x/fonts/type1/bluesky/cm/cmbx12.pfb></usr/local/teTeX/share/texmf.tetex/fonts/t
ype1/bluesky/cm/cmti12.pfb></usr/local/teTeX/share/texmf.tetex/fonts/type1/blue
sky/cm/cmr12.pfb></usr/local/teTeX/share/texmf.tetex/fonts/type1/bluesky/cm/cmr
17.pfb>
Output written on readme.pdf (16 pages, 164727 bytes).
